#
# There is insufficient memory for the Java Runtime Environment to continue.
# Native memory allocation (mmap) failed to map 125829120 bytes for Failed to commit area from 0x0000000089200000 to 0x0000000090a00000 of length 125829120.
# Possible reasons:
#   The system is out of physical RAM or swap space
#   The process is running with CompressedOops enabled, and the Java Heap may be blocking the growth of the native heap
# Possible solutions:
#   Reduce memory load on the system
#   Increase physical memory or swap space
#   Check if swap backing store is full
#   Decrease Java heap size (-Xmx/-Xms)
#   Decrease number of Java threads
#   Decrease Java thread stack sizes (-Xss)
#   Set larger code cache with -XX:ReservedCodeCacheSize=
# This output file may be truncated or incomplete.
#
#  Out of Memory Error (t:/workspace/open/src/hotspot/os/windows/os_windows.cpp:3221), pid=13476, tid=22268
#
# JRE version:  (10.0.2+13) (build )
# Java VM: Java HotSpot(TM) 64-Bit Server VM (10.0.2+13, mixed mode, aot, tiered, compressed oops, g1 gc, windows-amd64)
# No core dump will be written. Minidumps are not enabled by default on client versions of Windows
#

---------------  S U M M A R Y ------------

Command Line: -javaagent:G:\Program Files\JetBrains\IntelliJ IDEA Community Edition 2018.2.4\lib\idea_rt.jar=50368:G:\Program Files\JetBrains\IntelliJ IDEA Community Edition 2018.2.4\bin -Dfile.encoding=UTF-8 xyz.snowflake.train3.util.ScanUtil

Host: Intel(R) Core(TM) i5-6200U CPU @ 2.30GHz, 4 cores, 7G,  Windows 10 , 64 bit Build 18362 (10.0.18362.329)
Time: Sun Apr 19 15:31:29 2020 ?D1¨²¡À¨º¡Á?¨º¡À?? elapsed time: 0 seconds (0d 0h 0m 0s)

---------------  T H R E A D  ---------------

Current thread (0x000002905888b000):  JavaThread "Unknown thread" [_thread_in_vm, id=22268, stack(0x000000a57f600000,0x000000a57f700000)]

Stack: [0x000000a57f600000,0x000000a57f700000]
Native frames: (J=compiled Java code, j=interpreted, Vv=VM code, C=native code)
V  [jvm.dll+0x5a01a9]
V  [jvm.dll+0x6bcf31]
V  [jvm.dll+0x6be126]
V  [jvm.dll+0x6be7b3]
V  [jvm.dll+0x234978]
V  [jvm.dll+0x59dac4]
V  [jvm.dll+0x592825]
V  [jvm.dll+0x2f632b]
V  [jvm.dll+0x2f6295]
V  [jvm.dll+0x2f6172]
V  [jvm.dll+0x2f8366]
V  [jvm.dll+0x344293]
V  [jvm.dll+0x3449a6]
V  [jvm.dll+0x344393]
V  [jvm.dll+0x2c4628]
V  [jvm.dll+0x2c5771]
V  [jvm.dll+0x69d1db]
V  [jvm.dll+0x69e9fc]
V  [jvm.dll+0x3519e9]
V  [jvm.dll+0x6856a2]
V  [jvm.dll+0x3ba0c3]
V  [jvm.dll+0x3bc261]
C  [java.exe+0x3531]
C  [java.exe+0xe1af]
C  [java.exe+0xe356]
C  [KERNEL32.DLL+0x17bd4]
C  [ntdll.dll+0x6ced1]


---------------  P R O C E S S  ---------------

Threads class SMR info:
_java_thread_list=0x00000290563e1bd0, length=0, elements={
}

Java Threads: ( => current thread )

Other Threads:
  0x00000290588a4000 GCTaskThread "GC Thread#0" [stack: 0x000000a57f700000,0x000000a57f800000] [id=34060]
  0x00000290588a5800 GCTaskThread "GC Thread#1" [stack: 0x000000a57f800000,0x000000a57f900000] [id=21084]
  0x00000290588a9000 GCTaskThread "GC Thread#2" [stack: 0x000000a57f900000,0x000000a57fa00000] [id=26284]
  0x00000290588ab800 GCTaskThread "GC Thread#3" [stack: 0x000000a57fa00000,0x000000a57fb00000] [id=32764]
  0x0000029058918000 ConcurrentGCThread "G1 Main Marker" [stack: 0x000000a57fb00000,0x000000a57fc00000] [id=24384]
  0x000002905891b000 ConcurrentGCThread "G1 Conc#0" [stack: 0x000000a57fc00000,0x000000a57fd00000] [id=29192]

[error occurred during error reporting (printing all threads), id 0xe0000002]

VM state:not at safepoint (not fully initialized)

VM Mutex/Monitor currently owned by a thread:  ([mutex/lock_event])
[0x000002905888a920] Heap_lock - owner thread: 0x000002905888b000

Heap address: 0x0000000089200000, size: 1902 MB, Compressed Oops mode: Non-zero based: 0x0000000089200000
Narrow klass base: 0x0000000000000000, Narrow klass shift: 0

GC Heap History (0 events):
No events

Deoptimization events (0 events):
No events

Classes redefined (0 events):
No events

Internal exceptions (0 events):
No events

Events (0 events):
No events


Dynamic libraries:
0x00007ff70a530000 - 0x00007ff70a56e000 	C:\Program Files\Java\jdk-10.0.2\bin\java.exe
0x00007ffb313e0000 - 0x00007ffb315d0000 	C:\WINDOWS\SYSTEM32\ntdll.dll
0x00007ffb312a0000 - 0x00007ffb31352000 	C:\WINDOWS\System32\KERNEL32.DLL
0x00007ffb2e5f0000 - 0x00007ffb2e893000 	C:\WINDOWS\System32\KERNELBASE.dll
0x00007ffb2faa0000 - 0x00007ffb2fb43000 	C:\WINDOWS\System32\ADVAPI32.dll
0x00007ffb2f490000 - 0x00007ffb2f52e000 	C:\WINDOWS\System32\msvcrt.dll
0x00007ffb31200000 - 0x00007ffb31297000 	C:\WINDOWS\System32\sechost.dll
0x00007ffb2fcb0000 - 0x00007ffb2fdd0000 	C:\WINDOWS\System32\RPCRT4.dll
0x00007ffb307a0000 - 0x00007ffb30934000 	C:\WINDOWS\System32\USER32.dll
0x00007ffb2e5c0000 - 0x00007ffb2e5e1000 	C:\WINDOWS\System32\win32u.dll
0x00007ffb2fa00000 - 0x00007ffb2fa26000 	C:\WINDOWS\System32\GDI32.dll
0x00007ffb2e9f0000 - 0x00007ffb2eb84000 	C:\WINDOWS\System32\gdi32full.dll
0x00007ffb2e4a0000 - 0x00007ffb2e53e000 	C:\WINDOWS\System32\msvcp_win.dll
0x00007ffb2e370000 - 0x00007ffb2e46a000 	C:\WINDOWS\System32\ucrtbase.dll
0x00007ffb1a050000 - 0x00007ffb1a2d5000 	C:\WINDOWS\WinSxS\amd64_microsoft.windows.common-controls_6595b64144ccf1df_6.0.18362.720_none_e6beb5c51314836b\COMCTL32.dll
0x00007ffb309a0000 - 0x00007ffb30cd6000 	C:\WINDOWS\System32\combase.dll
0x00007ffb2ebe0000 - 0x00007ffb2ec60000 	C:\WINDOWS\System32\bcryptPrimitives.dll
0x00007ffb26e30000 - 0x00007ffb26e3a000 	C:\WINDOWS\SYSTEM32\VERSION.dll
0x00007ffb31360000 - 0x00007ffb3138e000 	C:\WINDOWS\System32\IMM32.DLL
0x00007ffafdb10000 - 0x00007ffafdbff000 	C:\Program Files\Java\jdk-10.0.2\bin\msvcr120.dll
0x00007ffafcf40000 - 0x00007ffafcfe6000 	C:\Program Files\Java\jdk-10.0.2\bin\msvcp120.dll
0x000000006f360000 - 0x000000006fdd0000 	C:\Program Files\Java\jdk-10.0.2\bin\server\jvm.dll
0x00007ffb31390000 - 0x00007ffb31398000 	C:\WINDOWS\System32\PSAPI.DLL
0x00007ffb25070000 - 0x00007ffb25079000 	C:\WINDOWS\SYSTEM32\WSOCK32.dll
0x00007ffb2f690000 - 0x00007ffb2f6ff000 	C:\WINDOWS\System32\WS2_32.dll
0x00007ffb24520000 - 0x00007ffb24544000 	C:\WINDOWS\SYSTEM32\WINMM.dll
0x00007ffb24490000 - 0x00007ffb244bd000 	C:\WINDOWS\SYSTEM32\WINMMBASE.dll
0x00007ffb2eb90000 - 0x00007ffb2ebda000 	C:\WINDOWS\System32\cfgmgr32.dll
0x00007ffb285f0000 - 0x00007ffb285ff000 	C:\Program Files\Java\jdk-10.0.2\bin\verify.dll
0x00007ffb25c00000 - 0x00007ffb25df4000 	C:\WINDOWS\SYSTEM32\DBGHELP.DLL
0x00007ffb25960000 - 0x00007ffb2598a000 	C:\WINDOWS\SYSTEM32\dbgcore.DLL
0x00007ffb1bf20000 - 0x00007ffb1bf47000 	C:\Program Files\Java\jdk-10.0.2\bin\java.dll
0x00007ffb1bef0000 - 0x00007ffb1bf1a000 	C:\Program Files\Java\jdk-10.0.2\bin\instrument.dll
0x00007ffb266f0000 - 0x00007ffb26706000 	C:\Program Files\Java\jdk-10.0.2\bin\zip.dll
0x00007ffb285e0000 - 0x00007ffb285ea000 	C:\Program Files\Java\jdk-10.0.2\bin\jimage.dll

dbghelp: loaded successfully - version: 4.0.5 - missing functions: none
symbol engine: initialized successfully - sym options: 0x614 - pdb path: .;C:\Program Files\Java\jdk-10.0.2\bin;C:\WINDOWS\SYSTEM32;C:\WINDOWS\WinSxS\amd64_microsoft.windows.common-controls_6595b64144ccf1df_6.0.18362.720_none_e6beb5c51314836b;C:\Program Files\Java\jdk-10.0.2\bin\server

VM Arguments:
jvm_args: -javaagent:G:\Program Files\JetBrains\IntelliJ IDEA Community Edition 2018.2.4\lib\idea_rt.jar=50368:G:\Program Files\JetBrains\IntelliJ IDEA Community Edition 2018.2.4\bin -Dfile.encoding=UTF-8 
java_command: xyz.snowflake.train3.util.ScanUtil
java_class_path (initial): E:\GITHUB\java-ee-zp\target\classes
Launcher Type: SUN_STANDARD

Logging:
Log output configuration:
#0: stdout all=warning uptime,level,tags
#1: stderr all=off uptime,level,tags

Environment Variables:
JAVA_HOME=C:\Program Files\Java\jdk-10.0.2
CLASSPATH=C:\Program Files\Java\jdk-10.0.2\lib
PATH=G:\Program Files\python\;G:\Program Files\python\Scripts;C:\WINDOWS\system32;C:\WINDOWS;C:\WINDOWS\System32\Wbem;C:\WINDOWS\System32\WindowsPowerShell\v1.0\;C:\Program Files\Java\jdk-10.0.2\bin;C:\Program Files (x86)\Common Files\Oracle\Java\javapath;C:\Program Files (x86)\Common Files\Intel\Shared Libraries\redist\intel64\compiler;C:\WINDOWS\System32\OpenSSH\;C:\Program Files\MySQL\MySQL Utilities 1.6\;G:\Program Files\MATLAB\R2016b\runtime\win64;G:\Program Files\MATLAB\R2016b\bin;G:\Program Files\MATLAB\R2016b\polyspace\bin;G:\Program Files\PuTTY\;G:\Program Files\VisualSVN Server\bin;G:\Program Files\TortoiseSVN\bin;C:\Program Files (x86)\Microsoft SQL Server\Client SDK\ODBC\130\Tools\Binn\;C:\Program Files (x86)\Microsoft SQL Server\140\Tools\Binn\;C:\Program Files (x86)\Microsoft SQL Server\140\DTS\Binn\;C:\Program Files (x86)\Microsoft SQL Server\140\Tools\Binn\ManagementStudio\;C:\Program Files\Microsoft SQL Server\140\Tools\Binn\;C:\Program Files\Microsoft SQL Server\140\DTS\Binn\;C:\Program Files\Microsoft SQL Server\Client SDK\ODBC\130\Tools\Binn\;%GRADLE_HOME%\bin;G:\Program Files (x86)\Rational\common;G:\Program Files (x86)\osmosis\bin;G:\Program Files\nodejs\;G:\Program Files\Git\cmd;G:\Program Files\Go\bin;G:\Program Files\apache-maven-3.6.0-bin\apache-maven-3.6.0\bin;C:\Users\snowflake\AppData\Roaming\Python\Python37\Scripts;G:\Program Files\chrome-driver;G:\Program Files\phantomjs-2.1.1-windows\bin;G:\cmake\bin;G:\tool\apache-maven-3.6.1\bin;G:\mingw-64\bin;C:\Users\snowflake\.cargo\bin;C:\Program Files\MySQL\MySQL Server 5.7\bin;C:\Program Files\dotnet\;G:\tool\Anaconda3\Scripts;G:\tool\Anaconda3\Library\bin;G:\tool\Anaconda3\envs\tensorflow\Scripts;G:\tool\Anaconda3\envs\tensorflow\Library\bin;C:\Program Files\NVIDIA Corporation\NVSMI;G:\Program Files\python\;G:\Program Files\python\Scripts;C:\WINDOWS\system32;C:\WINDOWS;C:\WINDOWS\System32\Wbem;C:\WINDOWS\System32\WindowsPowerShell\v1.0\;C:\Program Files\Java\jdk-10.0.2\bin;C:\Program Files (x86
USERNAME=snowflake
OS=Windows_NT
PROCESSOR_IDENTIFIER=Intel64 Family 6 Model 78 Stepping 3, GenuineIntel



---------------  S Y S T E M  ---------------

OS: Windows 10 , 64 bit Build 18362 (10.0.18362.329)

CPU:total 4 (initial active 4) (2 cores per cpu, 2 threads per core) family 6 model 78 stepping 3, cmov, cx8, fxsr, mmx, sse, sse2, sse3, ssse3, sse4.1, sse4.2, popcnt, avx, avx2, clmul, erms, 3dnowpref, lzcnt, ht, tsc, tscinvbit, bmi1, bmi2, adx, fma

Memory: 4k page, physical 7785636k(411352k free), swap 23437344k(121264k free)

vm_info: Java HotSpot(TM) 64-Bit Server VM (10.0.2+13) for windows-amd64 JRE (10.0.2+13), built on Jun 28 2018 01:57:56 by "mach5one" with MS VC++ 12.0 (VS2013)

END.
